<?xml version="1.0" encoding="UTF-8"?>
<!-- Generated by org.testng.reporters.JUnitXMLReporter -->
<testsuite ignored="0" hostname="Nitin-Yadav" failures="1" tests="1" name="Test" time="26.679" errors="0" timestamp="2026-03-29T11:49:59 IST">
  <testcase classname="Testcases.RegressionTestingEndtoEndFlow" name="valid_login_check" time="3.398">
    <failure type="java.lang.NullPointerException" message="Cannot invoke &amp;quot;com.aventstack.extentreports.ExtentTest.pass(String)&amp;quot; because &amp;quot;this.test&amp;quot; is null">
      <![CDATA[java.lang.NullPointerException: Cannot invoke "com.aventstack.extentreports.ExtentTest.pass(String)" because "this.test" is null
at Testcases.RegressionTestingEndtoEndFlow.valid_login_check(RegressionTestingEndtoEndFlow.java:43)
at java.base/java.util.ArrayList.forEach(ArrayList.java:1511)
... Removed 27 stack frames]]>
    </failure>
  </testcase> <!-- valid_login_check -->
</testsuite> <!-- Test -->
