<?xml version="1.0" encoding="UTF-8"?>
<testng-results ignored="0" total="1" passed="1" failed="0" skipped="0">
  <reporter-output>
  </reporter-output>
  <suite started-at="2026-03-22T11:18:25 IST" name="Suite" finished-at="2026-03-22T11:18:49 IST" duration-ms="23542">
    <groups>
    </groups>
    <test started-at="2026-03-22T11:18:25 IST" name="Test" finished-at="2026-03-22T11:18:49 IST" duration-ms="23542">
      <class name="Testcases.SanityLogin">
        <test-method is-config="true" signature="setupReport()[pri:0, instance:Testcases.SanityLogin@202b0582]" started-at="2026-03-22T11:18:25 IST" name="setupReport" finished-at="2026-03-22T11:18:25 IST" duration-ms="322" status="PASS">
          <reporter-output>
          </reporter-output>
        </test-method> <!-- setupReport -->
        <test-method is-config="true" signature="setup()[pri:0, instance:Testcases.SanityLogin@202b0582]" started-at="2026-03-22T11:18:25 IST" name="setup" finished-at="2026-03-22T11:18:29 IST" duration-ms="3984" status="PASS">
          <reporter-output>
          </reporter-output>
        </test-method> <!-- setup -->
        <test-method signature="valid_login_scenario_check()[pri:0, instance:Testcases.SanityLogin@202b0582]" started-at="2026-03-22T11:18:29 IST" name="valid_login_scenario_check" finished-at="2026-03-22T11:18:48 IST" duration-ms="18628" status="PASS">
          <reporter-output>
          </reporter-output>
        </test-method> <!-- valid_login_scenario_check -->
        <test-method is-config="true" signature="teardown()[pri:0, instance:Testcases.SanityLogin@202b0582]" started-at="2026-03-22T11:18:48 IST" name="teardown" finished-at="2026-03-22T11:18:48 IST" duration-ms="239" status="PASS">
          <reporter-output>
          </reporter-output>
        </test-method> <!-- teardown -->
        <test-method is-config="true" signature="tearDownReport()[pri:0, instance:Testcases.SanityLogin@202b0582]" started-at="2026-03-22T11:18:48 IST" name="tearDownReport" finished-at="2026-03-22T11:18:49 IST" duration-ms="346" status="PASS">
          <reporter-output>
          </reporter-output>
        </test-method> <!-- tearDownReport -->
      </class> <!-- Testcases.SanityLogin -->
    </test> <!-- Test -->
  </suite> <!-- Suite -->
</testng-results>
