<?xml version="1.0" encoding="UTF-8"?>
<!-- Generated by org.testng.reporters.JUnitReportReporter -->
<testsuite hostname="Nitin-Yadav" failures="0" tests="2" name="Testcases.RegressionSuite" time="36.646" errors="0" timestamp="2026-03-07T12:08:27 IST" skipped="0">
  <testcase classname="Testcases.RegressionSuite" name="valid_login_scenario_check" time="25.894"/>
  <system-out/>
  <testcase classname="Testcases.RegressionSuite" name="valid_login_check" time="10.752"/>
  <system-out/>
</testsuite> <!-- Testcases.RegressionSuite -->
